SF:/home/liubazamula/projects/5.dotnet/lab2/App/MyCollection.cs
FN:34,System.Void MyGenericCollection`1::Add(T)
FNDA:13,System.Void MyGenericCollection`1::Add(T)
DA:35,13
DA:36,13
DA:37,13
DA:38,8
DA:39,8
DA:40,8
DA:42,5
DA:43,5
DA:44,5
DA:45,5
DA:46,13
DA:47,13
DA:48,13
BRDA:37,19,0,8
BRDA:37,19,1,5
BRDA:47,84,0,13
BRDA:47,84,1,0
FN:50,System.Boolean MyGenericCollection`1::Remove(T)
FNDA:3,System.Boolean MyGenericCollection`1::Remove(T)
DA:51,3
DA:52,3
DA:53,3
DA:54,3
DA:56,5
DA:57,4
DA:58,4
DA:59,2
DA:60,2
DA:61,1
DA:62,1
DA:63,1
DA:65,1
DA:66,1
DA:67,1
DA:68,2
DA:69,1
DA:70,1
DA:71,1
DA:72,2
DA:73,2
DA:74,2
DA:77,2
DA:78,2
DA:79,2
DA:81,3
DA:82,2
DA:83,2
DA:84,2
DA:86,3
DA:87,3
BRDA:56,138,1,4
BRDA:58,34,0,2
BRDA:60,45,0,1
BRDA:60,45,1,1
BRDA:68,91,0,1
BRDA:68,91,1,2
BRDA:58,34,1,2
BRDA:56,138,0,3
BRDA:81,145,0,2
BRDA:83,155,0,2
BRDA:83,155,1,0
BRDA:81,145,1,3
FN:89,System.Void MyGenericCollection`1::Clear()
FNDA:1,System.Void MyGenericCollection`1::Clear()
DA:90,1
DA:91,1
DA:92,1
DA:93,1
DA:94,1
BRDA:93,31,0,1
BRDA:93,31,1,0
FN:96,System.Void MyGenericCollection`1::PrintList()
FNDA:0,System.Void MyGenericCollection`1::PrintList()
DA:97,0
DA:98,0
DA:99,0
DA:100,0
DA:101,0
DA:102,0
DA:103,0
DA:104,0
BRDA:99,72,1,0
BRDA:100,24,0,0
BRDA:100,24,1,0
BRDA:99,72,0,0
FN:108,T MyGenericCollection`1::get_Item(System.Int32)
FNDA:4,T MyGenericCollection`1::get_Item(System.Int32)
DA:109,4
DA:110,4
DA:111,1
DA:112,1
DA:115,3
DA:116,10
DA:117,2
DA:118,2
DA:119,2
DA:121,3
DA:122,3
BRDA:110,3,0,4
BRDA:110,3,1,0
BRDA:110,22,0,1
BRDA:110,22,1,3
BRDA:116,66,1,2
BRDA:116,66,0,3
FN:133,System.Collections.IEnumerator MyGenericCollection`1::System.Collections.IEnumerable.GetEnumerator()
FNDA:0,System.Collections.IEnumerator MyGenericCollection`1::System.Collections.IEnumerable.GetEnumerator()
DA:134,0
DA:135,0
DA:136,0
FN:137,System.Int32 MyGenericCollection`1::get_Count()
FNDA:5,System.Int32 MyGenericCollection`1::get_Count()
DA:138,5
FN:27,System.Void MyGenericCollection`1::.ctor()
FNDA:8,System.Void MyGenericCollection`1::.ctor()
DA:28,8
DA:29,8
DA:30,8
DA:31,8
DA:32,8
FN:9,T MyGenericCollection`1/Node::get_Data()
FNDA:23,T MyGenericCollection`1/Node::get_Data()
DA:10,23
FN:10,MyGenericCollection`1/Node<T> MyGenericCollection`1/Node::get_Next()
FNDA:28,MyGenericCollection`1/Node<T> MyGenericCollection`1/Node::get_Next()
DA:11,28
FN:12,System.Void MyGenericCollection`1/Node::.ctor(T)
FNDA:13,System.Void MyGenericCollection`1/Node::.ctor(T)
DA:13,13
DA:14,13
DA:15,13
DA:16,13
DA:17,13
FN:125,System.Boolean MyGenericCollection`1/<GetEnumerator>d__20::MoveNext()
FNDA:1,System.Boolean MyGenericCollection`1/<GetEnumerator>d__20::MoveNext()
DA:126,1
DA:127,8
DA:128,3
DA:129,3
DA:130,3
DA:131,1
BRDA:127,114,1,3
BRDA:127,114,0,1
FN:143,System.Void MyCollection::Run()
FNDA:0,System.Void MyCollection::Run()
DA:144,0
DA:145,0
DA:146,0
DA:147,0
DA:148,0
DA:150,0
DA:151,0
DA:152,0
DA:153,0
DA:154,0
DA:155,0
DA:156,0
DA:158,0
DA:159,0
DA:160,0
DA:161,0
DA:162,0
BRDA:158,206,1,0
BRDA:158,206,0,0
LF:107
LH:79
BRF:32
BRH:22
FNF:13
FNH:10
end_of_record
SF:/home/liubazamula/projects/5.dotnet/lab2/App/Program.cs
FN:3,System.Void Program::Main(System.String[])
FNDA:0,System.Void Program::Main(System.String[])
DA:4,0
DA:5,0
DA:7,0
LF:3
LH:0
BRF:0
BRH:0
FNF:1
FNH:0
end_of_record